15:44:34.527 [main] INFO  - go to my account and click on login
15:52:29.544 [main] INFO  - go to my account and click on login
20:50:19.427 [main] INFO  - go to my account and click on login
20:51:41.431 [main] INFO  - go to my account and click on login
20:54:05.758 [main] INFO  - go to my account and click on login
20:54:17.462 [main] INFO  - go to my account and click on login
22:49:09.907 [main] INFO  - go to my account and click on login
22:49:16.864 [main] INFO  - go to my account and click on login
22:49:22.706 [main] INFO  - go to my account and click on login
22:49:28.720 [main] INFO  - go to my account and click on login
22:49:34.601 [main] INFO  - go to my account and click on login
22:53:18.680 [main] INFO  - go to my account and click on login
22:53:19.099 [main] DEBUG - Parsing relationship: /xl/_rels/workbook.xml.rels
22:53:19.104 [main] DEBUG - Parsing relationship: /xl/worksheets/_rels/sheet1.xml.rels
22:53:19.106 [main] DEBUG - Parsing relationship: /_rels/.rels
22:53:19.485 [main] TRACE - Loading type system org.apache.poi.schemas.ooxml.system.ooxml
22:53:19.496 [main] TRACE - Loading type system org.apache.xmlbeans.metadata.system.sXMLCONFIG
22:53:19.498 [main] TRACE - Loading type system org.apache.xmlbeans.metadata.system.sXMLLANG
22:53:19.500 [main] TRACE - Loading type system org.apache.xmlbeans.metadata.system.sXMLSCHEMA
22:53:19.501 [main] TRACE - Loading type system org.apache.xmlbeans.metadata.system.sXMLTOOLS
22:53:19.507 [main] TRACE - Reading unresolved handles for type system org.apache.xmlbeans.metadata.system.sXMLTOOLS
22:53:19.550 [main] TRACE - Finished loading type system org.apache.xmlbeans.metadata.system.sXMLTOOLS
22:53:19.560 [main] TRACE - Reading unresolved handles for type system org.apache.xmlbeans.metadata.system.sXMLSCHEMA
22:53:19.593 [main] TRACE - Finished loading type system org.apache.xmlbeans.metadata.system.sXMLSCHEMA
22:53:19.598 [main] TRACE - Reading unresolved handles for type system org.apache.xmlbeans.metadata.system.sXMLLANG
22:53:19.602 [main] TRACE - Finished loading type system org.apache.xmlbeans.metadata.system.sXMLLANG
22:53:19.606 [main] TRACE - Reading unresolved handles for type system org.apache.xmlbeans.metadata.system.sXMLCONFIG
22:53:19.611 [main] TRACE - Finished loading type system org.apache.xmlbeans.metadata.system.sXMLCONFIG
22:53:19.616 [main] TRACE - Reading unresolved handles for type system org.apache.poi.schemas.ooxml.system.ooxml
22:53:19.739 [main] TRACE - Finished loading type system org.apache.poi.schemas.ooxml.system.ooxml
22:53:19.740 [main] TRACE - Resolving type for handle themefd26doctype
22:53:19.865 [main] TRACE - Resolving type for handle stylesheet5d8bdoctype
22:53:19.874 [main] TRACE - Resolving type for handle ctstylesheet4257type
22:53:19.882 [main] TRACE - Resolving type for handle ctfonts6623type
22:53:19.887 [main] TRACE - Resolving type for handle ctfont14d8type
22:53:19.907 [main] TRACE - Resolving type for handle ctfills2c6ftype
22:53:19.914 [main] TRACE - Resolving type for handle ctfill550ctype
22:53:19.920 [main] TRACE - Resolving type for handle ctborders0d66type
22:53:19.936 [main] TRACE - Resolving type for handle ctborderf935type
22:53:19.951 [main] TRACE - Resolving type for handle ctcellxfs1322type
22:53:19.964 [main] TRACE - Resolving type for handle ctxf97f7type
22:53:19.975 [main] TRACE - Resolving type for handle ctcellstylexfsa81ftype
22:53:19.982 [main] TRACE - Resolving type for handle ctdxfsb26atype
22:53:19.987 [main] TRACE - Resolving type for handle cttablestyles872ftype
22:53:19.997 [main] TRACE - Resolving type for handle sstf81fdoctype
22:53:20.007 [main] TRACE - Resolving type for handle ctsst44f3type
22:53:20.028 [main] TRACE - Resolving type for handle ctrsta472type
22:53:20.066 [main] DEBUG - using default POIXMLDocumentPart for http://schemas.openxmlformats.org/officeDocument/2006/relationships/printerSettings
22:53:20.069 [main] TRACE - Resolving type for handle workbookec17doctype
22:53:20.079 [main] TRACE - Resolving type for handle ctworkbook83c3type
22:53:20.088 [main] TRACE - Resolving type for handle ctsheets49fdtype
22:53:20.094 [main] TRACE - Resolving type for handle ctsheet4dbetype
22:53:20.097 [main] TRACE - Resolving type for handle strelationshipid1e94type
22:53:20.103 [main] TRACE - Resolving type for handle worksheetf539doctype
22:53:20.117 [main] TRACE - Resolving type for handle ctworksheet530dtype
22:53:20.134 [main] TRACE - Resolving type for handle ctcols627ctype
22:53:20.145 [main] TRACE - Resolving type for handle ctcola95ftype
22:53:20.184 [main] TRACE - Resolving type for handle ctsheetdata8408type
22:53:20.192 [main] TRACE - Resolving type for handle ctrowdd39type
22:53:20.200 [main] TRACE - Resolving type for handle ctcell842btype
22:53:20.214 [main] TRACE - Resolving type for handle stcellrefe4e0type
22:53:20.232 [main] TRACE - Resolving type for handle stxstringf179type
22:53:20.237 [main] TRACE - Resolving type for handle stcelltypebf95type
22:53:39.332 [main] INFO  - go to my account and click on login
22:53:39.413 [main] DEBUG - Parsing relationship: /xl/_rels/workbook.xml.rels
22:53:39.416 [main] DEBUG - Parsing relationship: /xl/worksheets/_rels/sheet1.xml.rels
22:53:39.418 [main] DEBUG - Parsing relationship: /_rels/.rels
22:53:39.509 [main] DEBUG - using default POIXMLDocumentPart for http://schemas.openxmlformats.org/officeDocument/2006/relationships/printerSettings
22:53:58.145 [main] INFO  - go to my account and click on login
22:53:58.213 [main] DEBUG - Parsing relationship: /xl/_rels/workbook.xml.rels
22:53:58.224 [main] DEBUG - Parsing relationship: /xl/worksheets/_rels/sheet1.xml.rels
22:53:58.225 [main] DEBUG - Parsing relationship: /_rels/.rels
22:53:58.278 [main] DEBUG - using default POIXMLDocumentPart for http://schemas.openxmlformats.org/officeDocument/2006/relationships/printerSettings
22:54:11.076 [main] INFO  - go to my account and click on login
22:54:11.130 [main] DEBUG - Parsing relationship: /xl/_rels/workbook.xml.rels
22:54:11.142 [main] DEBUG - Parsing relationship: /xl/worksheets/_rels/sheet1.xml.rels
22:54:11.144 [main] DEBUG - Parsing relationship: /_rels/.rels
22:54:11.225 [main] DEBUG - using default POIXMLDocumentPart for http://schemas.openxmlformats.org/officeDocument/2006/relationships/printerSettings
22:54:30.936 [main] INFO  - go to my account and click on login
22:54:30.970 [main] DEBUG - Parsing relationship: /xl/_rels/workbook.xml.rels
22:54:30.972 [main] DEBUG - Parsing relationship: /xl/worksheets/_rels/sheet1.xml.rels
22:54:30.973 [main] DEBUG - Parsing relationship: /_rels/.rels
22:54:31.004 [main] DEBUG - using default POIXMLDocumentPart for http://schemas.openxmlformats.org/officeDocument/2006/relationships/printerSettings
23:01:58.934 [main] INFO  - go to my account and click on login
23:01:59.363 [main] DEBUG - Parsing relationship: /xl/_rels/workbook.xml.rels
23:01:59.367 [main] DEBUG - Parsing relationship: /xl/worksheets/_rels/sheet1.xml.rels
23:01:59.369 [main] DEBUG - Parsing relationship: /_rels/.rels
23:01:59.657 [main] TRACE - Loading type system org.apache.poi.schemas.ooxml.system.ooxml
23:01:59.661 [main] TRACE - Loading type system org.apache.xmlbeans.metadata.system.sXMLCONFIG
23:01:59.663 [main] TRACE - Loading type system org.apache.xmlbeans.metadata.system.sXMLLANG
23:01:59.664 [main] TRACE - Loading type system org.apache.xmlbeans.metadata.system.sXMLSCHEMA
23:01:59.665 [main] TRACE - Loading type system org.apache.xmlbeans.metadata.system.sXMLTOOLS
23:01:59.667 [main] TRACE - Reading unresolved handles for type system org.apache.xmlbeans.metadata.system.sXMLTOOLS
23:01:59.690 [main] TRACE - Finished loading type system org.apache.xmlbeans.metadata.system.sXMLTOOLS
23:01:59.691 [main] TRACE - Reading unresolved handles for type system org.apache.xmlbeans.metadata.system.sXMLSCHEMA
23:01:59.702 [main] TRACE - Finished loading type system org.apache.xmlbeans.metadata.system.sXMLSCHEMA
23:01:59.705 [main] TRACE - Reading unresolved handles for type system org.apache.xmlbeans.metadata.system.sXMLLANG
23:01:59.706 [main] TRACE - Finished loading type system org.apache.xmlbeans.metadata.system.sXMLLANG
23:01:59.708 [main] TRACE - Reading unresolved handles for type system org.apache.xmlbeans.metadata.system.sXMLCONFIG
23:01:59.710 [main] TRACE - Finished loading type system org.apache.xmlbeans.metadata.system.sXMLCONFIG
23:01:59.712 [main] TRACE - Reading unresolved handles for type system org.apache.poi.schemas.ooxml.system.ooxml
23:01:59.822 [main] TRACE - Finished loading type system org.apache.poi.schemas.ooxml.system.ooxml
23:01:59.823 [main] TRACE - Resolving type for handle themefd26doctype
23:02:00.004 [main] TRACE - Resolving type for handle stylesheet5d8bdoctype
23:02:00.036 [main] TRACE - Resolving type for handle ctstylesheet4257type
23:02:00.048 [main] TRACE - Resolving type for handle ctfonts6623type
23:02:00.056 [main] TRACE - Resolving type for handle ctfont14d8type
23:02:00.070 [main] TRACE - Resolving type for handle ctfills2c6ftype
23:02:00.074 [main] TRACE - Resolving type for handle ctfill550ctype
23:02:00.079 [main] TRACE - Resolving type for handle ctborders0d66type
23:02:00.085 [main] TRACE - Resolving type for handle ctborderf935type
23:02:00.093 [main] TRACE - Resolving type for handle ctcellxfs1322type
23:02:00.100 [main] TRACE - Resolving type for handle ctxf97f7type
23:02:00.107 [main] TRACE - Resolving type for handle ctcellstylexfsa81ftype
23:02:00.112 [main] TRACE - Resolving type for handle ctdxfsb26atype
23:02:00.118 [main] TRACE - Resolving type for handle cttablestyles872ftype
23:02:00.125 [main] TRACE - Resolving type for handle sstf81fdoctype
23:02:00.133 [main] TRACE - Resolving type for handle ctsst44f3type
23:02:00.152 [main] TRACE - Resolving type for handle ctrsta472type
23:02:00.196 [main] DEBUG - using default POIXMLDocumentPart for http://schemas.openxmlformats.org/officeDocument/2006/relationships/printerSettings
23:02:00.198 [main] TRACE - Resolving type for handle workbookec17doctype
23:02:00.211 [main] TRACE - Resolving type for handle ctworkbook83c3type
23:02:00.221 [main] TRACE - Resolving type for handle ctsheets49fdtype
23:02:00.227 [main] TRACE - Resolving type for handle ctsheet4dbetype
23:02:00.231 [main] TRACE - Resolving type for handle strelationshipid1e94type
23:02:00.237 [main] TRACE - Resolving type for handle worksheetf539doctype
23:02:00.251 [main] TRACE - Resolving type for handle ctworksheet530dtype
23:02:00.277 [main] TRACE - Resolving type for handle ctcols627ctype
23:02:00.287 [main] TRACE - Resolving type for handle ctcola95ftype
23:02:00.335 [main] TRACE - Resolving type for handle ctsheetdata8408type
23:02:00.342 [main] TRACE - Resolving type for handle ctrowdd39type
23:02:00.372 [main] TRACE - Resolving type for handle ctcell842btype
23:02:00.403 [main] TRACE - Resolving type for handle stcellrefe4e0type
23:02:00.444 [main] TRACE - Resolving type for handle stxstringf179type
23:02:00.457 [main] TRACE - Resolving type for handle stcelltypebf95type
23:02:20.332 [main] INFO  - go to my account and click on login
23:02:20.383 [main] DEBUG - Parsing relationship: /xl/_rels/workbook.xml.rels
23:02:20.386 [main] DEBUG - Parsing relationship: /xl/worksheets/_rels/sheet1.xml.rels
23:02:20.388 [main] DEBUG - Parsing relationship: /_rels/.rels
23:02:20.487 [main] DEBUG - using default POIXMLDocumentPart for http://schemas.openxmlformats.org/officeDocument/2006/relationships/printerSettings
23:02:39.943 [main] INFO  - go to my account and click on login
23:02:39.984 [main] DEBUG - Parsing relationship: /xl/_rels/workbook.xml.rels
23:02:39.994 [main] DEBUG - Parsing relationship: /xl/worksheets/_rels/sheet1.xml.rels
23:02:39.997 [main] DEBUG - Parsing relationship: /_rels/.rels
23:02:40.035 [main] DEBUG - using default POIXMLDocumentPart for http://schemas.openxmlformats.org/officeDocument/2006/relationships/printerSettings
23:02:59.375 [main] INFO  - go to my account and click on login
23:02:59.430 [main] DEBUG - Parsing relationship: /xl/_rels/workbook.xml.rels
23:02:59.443 [main] DEBUG - Parsing relationship: /xl/worksheets/_rels/sheet1.xml.rels
23:02:59.449 [main] DEBUG - Parsing relationship: /_rels/.rels
23:02:59.510 [main] DEBUG - using default POIXMLDocumentPart for http://schemas.openxmlformats.org/officeDocument/2006/relationships/printerSettings
23:12:24.240 [main] INFO  - go to my account and click on login
23:12:24.745 [main] DEBUG - Parsing relationship: /xl/_rels/workbook.xml.rels
23:12:24.754 [main] DEBUG - Parsing relationship: /xl/worksheets/_rels/sheet1.xml.rels
23:12:24.757 [main] DEBUG - Parsing relationship: /_rels/.rels
23:12:25.527 [main] TRACE - Loading type system org.apache.poi.schemas.ooxml.system.ooxml
23:12:25.535 [main] TRACE - Loading type system org.apache.xmlbeans.metadata.system.sXMLCONFIG
23:12:25.537 [main] TRACE - Loading type system org.apache.xmlbeans.metadata.system.sXMLLANG
23:12:25.538 [main] TRACE - Loading type system org.apache.xmlbeans.metadata.system.sXMLSCHEMA
23:12:25.540 [main] TRACE - Loading type system org.apache.xmlbeans.metadata.system.sXMLTOOLS
23:12:25.543 [main] TRACE - Reading unresolved handles for type system org.apache.xmlbeans.metadata.system.sXMLTOOLS
23:12:25.575 [main] TRACE - Finished loading type system org.apache.xmlbeans.metadata.system.sXMLTOOLS
23:12:25.578 [main] TRACE - Reading unresolved handles for type system org.apache.xmlbeans.metadata.system.sXMLSCHEMA
23:12:25.617 [main] TRACE - Finished loading type system org.apache.xmlbeans.metadata.system.sXMLSCHEMA
23:12:25.625 [main] TRACE - Reading unresolved handles for type system org.apache.xmlbeans.metadata.system.sXMLLANG
23:12:25.657 [main] TRACE - Finished loading type system org.apache.xmlbeans.metadata.system.sXMLLANG
23:12:25.672 [main] TRACE - Reading unresolved handles for type system org.apache.xmlbeans.metadata.system.sXMLCONFIG
23:12:25.689 [main] TRACE - Finished loading type system org.apache.xmlbeans.metadata.system.sXMLCONFIG
23:12:25.691 [main] TRACE - Reading unresolved handles for type system org.apache.poi.schemas.ooxml.system.ooxml
23:12:25.915 [main] TRACE - Finished loading type system org.apache.poi.schemas.ooxml.system.ooxml
23:12:25.921 [main] TRACE - Resolving type for handle themefd26doctype
23:12:26.236 [main] TRACE - Resolving type for handle stylesheet5d8bdoctype
23:12:26.282 [main] TRACE - Resolving type for handle ctstylesheet4257type
23:12:26.296 [main] TRACE - Resolving type for handle ctfonts6623type
23:12:26.329 [main] TRACE - Resolving type for handle ctfont14d8type
23:12:26.356 [main] TRACE - Resolving type for handle ctfills2c6ftype
23:12:26.365 [main] TRACE - Resolving type for handle ctfill550ctype
23:12:26.435 [main] TRACE - Resolving type for handle ctborders0d66type
23:12:26.470 [main] TRACE - Resolving type for handle ctborderf935type
23:12:26.486 [main] TRACE - Resolving type for handle ctcellxfs1322type
23:12:26.494 [main] TRACE - Resolving type for handle ctxf97f7type
23:12:26.502 [main] TRACE - Resolving type for handle ctcellstylexfsa81ftype
23:12:26.511 [main] TRACE - Resolving type for handle ctdxfsb26atype
23:12:26.518 [main] TRACE - Resolving type for handle cttablestyles872ftype
23:12:26.529 [main] TRACE - Resolving type for handle sstf81fdoctype
23:12:26.543 [main] TRACE - Resolving type for handle ctsst44f3type
23:12:26.594 [main] TRACE - Resolving type for handle ctrsta472type
23:12:26.652 [main] DEBUG - using default POIXMLDocumentPart for http://schemas.openxmlformats.org/officeDocument/2006/relationships/printerSettings
23:12:26.654 [main] TRACE - Resolving type for handle workbookec17doctype
23:12:26.665 [main] TRACE - Resolving type for handle ctworkbook83c3type
23:12:26.678 [main] TRACE - Resolving type for handle ctsheets49fdtype
23:12:26.684 [main] TRACE - Resolving type for handle ctsheet4dbetype
23:12:26.689 [main] TRACE - Resolving type for handle strelationshipid1e94type
23:12:26.695 [main] TRACE - Resolving type for handle worksheetf539doctype
23:12:26.708 [main] TRACE - Resolving type for handle ctworksheet530dtype
23:12:26.729 [main] TRACE - Resolving type for handle ctcols627ctype
23:12:26.743 [main] TRACE - Resolving type for handle ctcola95ftype
23:12:26.785 [main] TRACE - Resolving type for handle ctsheetdata8408type
23:12:26.792 [main] TRACE - Resolving type for handle ctrowdd39type
23:12:26.805 [main] TRACE - Resolving type for handle ctcell842btype
23:12:26.823 [main] TRACE - Resolving type for handle stcellrefe4e0type
23:12:26.843 [main] TRACE - Resolving type for handle stxstringf179type
23:12:26.850 [main] TRACE - Resolving type for handle stcelltypebf95type
23:12:45.342 [main] INFO  - go to my account and click on login
23:12:45.417 [main] DEBUG - Parsing relationship: /xl/_rels/workbook.xml.rels
23:12:45.420 [main] DEBUG - Parsing relationship: /xl/worksheets/_rels/sheet1.xml.rels
23:12:45.422 [main] DEBUG - Parsing relationship: /_rels/.rels
23:12:45.502 [main] DEBUG - using default POIXMLDocumentPart for http://schemas.openxmlformats.org/officeDocument/2006/relationships/printerSettings
23:13:05.389 [main] INFO  - go to my account and click on login
23:13:05.446 [main] DEBUG - Parsing relationship: /xl/_rels/workbook.xml.rels
23:13:05.453 [main] DEBUG - Parsing relationship: /xl/worksheets/_rels/sheet1.xml.rels
23:13:05.455 [main] DEBUG - Parsing relationship: /_rels/.rels
23:13:05.532 [main] DEBUG - using default POIXMLDocumentPart for http://schemas.openxmlformats.org/officeDocument/2006/relationships/printerSettings
23:13:17.151 [main] INFO  - go to my account and click on login
23:13:17.201 [main] DEBUG - Parsing relationship: /xl/_rels/workbook.xml.rels
23:13:17.203 [main] DEBUG - Parsing relationship: /xl/worksheets/_rels/sheet1.xml.rels
23:13:17.213 [main] DEBUG - Parsing relationship: /_rels/.rels
23:13:17.312 [main] DEBUG - using default POIXMLDocumentPart for http://schemas.openxmlformats.org/officeDocument/2006/relationships/printerSettings
23:13:38.533 [main] INFO  - go to my account and click on login
23:13:38.724 [main] DEBUG - Parsing relationship: /xl/_rels/workbook.xml.rels
23:13:38.727 [main] DEBUG - Parsing relationship: /xl/worksheets/_rels/sheet1.xml.rels
23:13:38.729 [main] DEBUG - Parsing relationship: /_rels/.rels
23:13:38.861 [main] DEBUG - using default POIXMLDocumentPart for http://schemas.openxmlformats.org/officeDocument/2006/relationships/printerSettings
23:17:01.534 [main] INFO  - go to my account and click on login
23:17:01.822 [main] DEBUG - Parsing relationship: /xl/_rels/workbook.xml.rels
23:17:01.826 [main] DEBUG - Parsing relationship: /xl/worksheets/_rels/sheet1.xml.rels
23:17:01.828 [main] DEBUG - Parsing relationship: /_rels/.rels
23:17:02.118 [main] TRACE - Loading type system org.apache.poi.schemas.ooxml.system.ooxml
23:17:02.125 [main] TRACE - Loading type system org.apache.xmlbeans.metadata.system.sXMLCONFIG
23:17:02.126 [main] TRACE - Loading type system org.apache.xmlbeans.metadata.system.sXMLLANG
23:17:02.127 [main] TRACE - Loading type system org.apache.xmlbeans.metadata.system.sXMLSCHEMA
23:17:02.129 [main] TRACE - Loading type system org.apache.xmlbeans.metadata.system.sXMLTOOLS
23:17:02.131 [main] TRACE - Reading unresolved handles for type system org.apache.xmlbeans.metadata.system.sXMLTOOLS
23:17:02.153 [main] TRACE - Finished loading type system org.apache.xmlbeans.metadata.system.sXMLTOOLS
23:17:02.157 [main] TRACE - Reading unresolved handles for type system org.apache.xmlbeans.metadata.system.sXMLSCHEMA
23:17:02.167 [main] TRACE - Finished loading type system org.apache.xmlbeans.metadata.system.sXMLSCHEMA
23:17:02.170 [main] TRACE - Reading unresolved handles for type system org.apache.xmlbeans.metadata.system.sXMLLANG
23:17:02.172 [main] TRACE - Finished loading type system org.apache.xmlbeans.metadata.system.sXMLLANG
23:17:02.174 [main] TRACE - Reading unresolved handles for type system org.apache.xmlbeans.metadata.system.sXMLCONFIG
23:17:02.176 [main] TRACE - Finished loading type system org.apache.xmlbeans.metadata.system.sXMLCONFIG
23:17:02.177 [main] TRACE - Reading unresolved handles for type system org.apache.poi.schemas.ooxml.system.ooxml
23:17:02.283 [main] TRACE - Finished loading type system org.apache.poi.schemas.ooxml.system.ooxml
23:17:02.284 [main] TRACE - Resolving type for handle themefd26doctype
23:17:02.437 [main] TRACE - Resolving type for handle stylesheet5d8bdoctype
23:17:02.449 [main] TRACE - Resolving type for handle ctstylesheet4257type
23:17:02.461 [main] TRACE - Resolving type for handle ctfonts6623type
23:17:02.467 [main] TRACE - Resolving type for handle ctfont14d8type
23:17:02.482 [main] TRACE - Resolving type for handle ctfills2c6ftype
23:17:02.485 [main] TRACE - Resolving type for handle ctfill550ctype
23:17:02.489 [main] TRACE - Resolving type for handle ctborders0d66type
23:17:02.493 [main] TRACE - Resolving type for handle ctborderf935type
23:17:02.499 [main] TRACE - Resolving type for handle ctcellxfs1322type
23:17:02.507 [main] TRACE - Resolving type for handle ctxf97f7type
23:17:02.515 [main] TRACE - Resolving type for handle ctcellstylexfsa81ftype
23:17:02.519 [main] TRACE - Resolving type for handle ctdxfsb26atype
23:17:02.525 [main] TRACE - Resolving type for handle cttablestyles872ftype
23:17:02.533 [main] TRACE - Resolving type for handle sstf81fdoctype
23:17:02.544 [main] TRACE - Resolving type for handle ctsst44f3type
23:17:02.563 [main] TRACE - Resolving type for handle ctrsta472type
23:17:02.593 [main] DEBUG - using default POIXMLDocumentPart for http://schemas.openxmlformats.org/officeDocument/2006/relationships/printerSettings
23:17:02.594 [main] TRACE - Resolving type for handle workbookec17doctype
23:17:02.603 [main] TRACE - Resolving type for handle ctworkbook83c3type
23:17:02.611 [main] TRACE - Resolving type for handle ctsheets49fdtype
23:17:02.615 [main] TRACE - Resolving type for handle ctsheet4dbetype
23:17:02.619 [main] TRACE - Resolving type for handle strelationshipid1e94type
23:17:02.623 [main] TRACE - Resolving type for handle worksheetf539doctype
23:17:02.633 [main] TRACE - Resolving type for handle ctworksheet530dtype
23:17:02.650 [main] TRACE - Resolving type for handle ctcols627ctype
23:17:02.659 [main] TRACE - Resolving type for handle ctcola95ftype
23:17:02.689 [main] TRACE - Resolving type for handle ctsheetdata8408type
23:17:02.693 [main] TRACE - Resolving type for handle ctrowdd39type
23:17:02.702 [main] TRACE - Resolving type for handle ctcell842btype
23:17:02.716 [main] TRACE - Resolving type for handle stcellrefe4e0type
23:17:02.730 [main] TRACE - Resolving type for handle stxstringf179type
23:17:02.735 [main] TRACE - Resolving type for handle stcelltypebf95type
23:17:30.165 [main] INFO  - go to my account and click on login
23:17:30.373 [main] DEBUG - Parsing relationship: /xl/_rels/workbook.xml.rels
23:17:30.389 [main] DEBUG - Parsing relationship: /xl/worksheets/_rels/sheet1.xml.rels
23:17:30.415 [main] DEBUG - Parsing relationship: /_rels/.rels
23:17:30.655 [main] DEBUG - using default POIXMLDocumentPart for http://schemas.openxmlformats.org/officeDocument/2006/relationships/printerSettings
23:17:45.242 [main] INFO  - go to my account and click on login
23:17:45.280 [main] DEBUG - Parsing relationship: /xl/_rels/workbook.xml.rels
23:17:45.294 [main] DEBUG - Parsing relationship: /xl/worksheets/_rels/sheet1.xml.rels
23:17:45.296 [main] DEBUG - Parsing relationship: /_rels/.rels
23:17:45.344 [main] DEBUG - using default POIXMLDocumentPart for http://schemas.openxmlformats.org/officeDocument/2006/relationships/printerSettings
23:20:29.601 [main] INFO  - go to my account and click on login
23:20:30.304 [main] DEBUG - Parsing relationship: /xl/_rels/workbook.xml.rels
23:20:30.311 [main] DEBUG - Parsing relationship: /xl/worksheets/_rels/sheet1.xml.rels
23:20:30.316 [main] DEBUG - Parsing relationship: /_rels/.rels
23:20:30.840 [main] TRACE - Loading type system org.apache.poi.schemas.ooxml.system.ooxml
23:20:30.845 [main] TRACE - Loading type system org.apache.xmlbeans.metadata.system.sXMLCONFIG
23:20:30.847 [main] TRACE - Loading type system org.apache.xmlbeans.metadata.system.sXMLLANG
23:20:30.848 [main] TRACE - Loading type system org.apache.xmlbeans.metadata.system.sXMLSCHEMA
23:20:30.849 [main] TRACE - Loading type system org.apache.xmlbeans.metadata.system.sXMLTOOLS
23:20:30.852 [main] TRACE - Reading unresolved handles for type system org.apache.xmlbeans.metadata.system.sXMLTOOLS
23:20:30.888 [main] TRACE - Finished loading type system org.apache.xmlbeans.metadata.system.sXMLTOOLS
23:20:30.892 [main] TRACE - Reading unresolved handles for type system org.apache.xmlbeans.metadata.system.sXMLSCHEMA
23:20:30.903 [main] TRACE - Finished loading type system org.apache.xmlbeans.metadata.system.sXMLSCHEMA
23:20:30.904 [main] TRACE - Reading unresolved handles for type system org.apache.xmlbeans.metadata.system.sXMLLANG
23:20:30.908 [main] TRACE - Finished loading type system org.apache.xmlbeans.metadata.system.sXMLLANG
23:20:30.910 [main] TRACE - Reading unresolved handles for type system org.apache.xmlbeans.metadata.system.sXMLCONFIG
23:20:30.913 [main] TRACE - Finished loading type system org.apache.xmlbeans.metadata.system.sXMLCONFIG
23:20:30.915 [main] TRACE - Reading unresolved handles for type system org.apache.poi.schemas.ooxml.system.ooxml
23:20:31.080 [main] TRACE - Finished loading type system org.apache.poi.schemas.ooxml.system.ooxml
23:20:31.081 [main] TRACE - Resolving type for handle themefd26doctype
23:20:31.208 [main] TRACE - Resolving type for handle stylesheet5d8bdoctype
23:20:31.222 [main] TRACE - Resolving type for handle ctstylesheet4257type
23:20:31.252 [main] TRACE - Resolving type for handle ctfonts6623type
23:20:31.261 [main] TRACE - Resolving type for handle ctfont14d8type
23:20:31.277 [main] TRACE - Resolving type for handle ctfills2c6ftype
23:20:31.284 [main] TRACE - Resolving type for handle ctfill550ctype
23:20:31.290 [main] TRACE - Resolving type for handle ctborders0d66type
23:20:31.296 [main] TRACE - Resolving type for handle ctborderf935type
23:20:31.304 [main] TRACE - Resolving type for handle ctcellxfs1322type
23:20:31.311 [main] TRACE - Resolving type for handle ctxf97f7type
23:20:31.319 [main] TRACE - Resolving type for handle ctcellstylexfsa81ftype
23:20:31.324 [main] TRACE - Resolving type for handle ctdxfsb26atype
23:20:31.329 [main] TRACE - Resolving type for handle cttablestyles872ftype
23:20:31.338 [main] TRACE - Resolving type for handle sstf81fdoctype
23:20:31.349 [main] TRACE - Resolving type for handle ctsst44f3type
23:20:31.369 [main] TRACE - Resolving type for handle ctrsta472type
23:20:31.415 [main] DEBUG - using default POIXMLDocumentPart for http://schemas.openxmlformats.org/officeDocument/2006/relationships/printerSettings
23:20:31.417 [main] TRACE - Resolving type for handle workbookec17doctype
23:20:31.430 [main] TRACE - Resolving type for handle ctworkbook83c3type
23:20:31.442 [main] TRACE - Resolving type for handle ctsheets49fdtype
23:20:31.448 [main] TRACE - Resolving type for handle ctsheet4dbetype
23:20:31.452 [main] TRACE - Resolving type for handle strelationshipid1e94type
23:20:31.458 [main] TRACE - Resolving type for handle worksheetf539doctype
23:20:31.474 [main] TRACE - Resolving type for handle ctworksheet530dtype
23:20:31.496 [main] TRACE - Resolving type for handle ctcols627ctype
23:20:31.509 [main] TRACE - Resolving type for handle ctcola95ftype
23:20:31.553 [main] TRACE - Resolving type for handle ctsheetdata8408type
23:20:31.563 [main] TRACE - Resolving type for handle ctrowdd39type
23:20:31.578 [main] TRACE - Resolving type for handle ctcell842btype
23:20:31.599 [main] TRACE - Resolving type for handle stcellrefe4e0type
23:20:31.626 [main] TRACE - Resolving type for handle stxstringf179type
23:20:31.634 [main] TRACE - Resolving type for handle stcelltypebf95type
23:20:51.353 [main] INFO  - go to my account and click on login
23:20:51.524 [main] DEBUG - Parsing relationship: /xl/_rels/workbook.xml.rels
23:20:51.532 [main] DEBUG - Parsing relationship: /xl/worksheets/_rels/sheet1.xml.rels
23:20:51.539 [main] DEBUG - Parsing relationship: /_rels/.rels
23:20:51.661 [main] DEBUG - using default POIXMLDocumentPart for http://schemas.openxmlformats.org/officeDocument/2006/relationships/printerSettings
23:21:10.744 [main] INFO  - go to my account and click on login
23:21:10.774 [main] DEBUG - Parsing relationship: /xl/_rels/workbook.xml.rels
23:21:10.778 [main] DEBUG - Parsing relationship: /xl/worksheets/_rels/sheet1.xml.rels
23:21:10.779 [main] DEBUG - Parsing relationship: /_rels/.rels
23:21:10.825 [main] DEBUG - using default POIXMLDocumentPart for http://schemas.openxmlformats.org/officeDocument/2006/relationships/printerSettings
23:21:22.688 [main] INFO  - go to my account and click on login
23:21:22.714 [main] DEBUG - Parsing relationship: /xl/_rels/workbook.xml.rels
23:21:22.722 [main] DEBUG - Parsing relationship: /xl/worksheets/_rels/sheet1.xml.rels
23:21:22.723 [main] DEBUG - Parsing relationship: /_rels/.rels
23:21:22.760 [main] DEBUG - using default POIXMLDocumentPart for http://schemas.openxmlformats.org/officeDocument/2006/relationships/printerSettings
23:21:43.021 [main] INFO  - go to my account and click on login
23:21:43.093 [main] DEBUG - Parsing relationship: /xl/_rels/workbook.xml.rels
23:21:43.105 [main] DEBUG - Parsing relationship: /xl/worksheets/_rels/sheet1.xml.rels
23:21:43.107 [main] DEBUG - Parsing relationship: /_rels/.rels
23:21:43.180 [main] DEBUG - using default POIXMLDocumentPart for http://schemas.openxmlformats.org/officeDocument/2006/relationships/printerSettings
